2016-04-14 18:04:44 INFO  TestngListener:44 - Failed testcase:  testCbtLogin141
2016-04-14 18:05:02 INFO  TestngListener:44 - Failed testcase:  testCbtLogin142
2016-04-14 18:05:22 INFO  TestngListener:44 - Failed testcase:  testCbtLogin143
2016-04-14 18:05:43 INFO  TestngListener:44 - Failed testcase:  testCbtLogin144
2016-04-14 18:06:01 INFO  TestngListener:44 - Failed testcase:  testCbtLogin145
2016-04-14 18:06:08 ERROR FOUserAgent:101 - Image not available. URI: file:/. Reason: org.apache.xmlgraphics.image.loader.ImageException: The file format is not supported. No ImagePreloader found for file:/ (No context info available)
org.apache.xmlgraphics.image.loader.ImageException: The file format is not supported. No ImagePreloader found for file:/
	at org.apache.xmlgraphics.image.loader.ImageManager.preloadImage(ImageManager.java:181)
	at org.apache.xmlgraphics.image.loader.cache.ImageCache.needImageInfo(ImageCache.java:128)
	at org.apache.xmlgraphics.image.loader.ImageManager.getImageInfo(ImageManager.java:123)
	at org.apache.fop.fo.flow.ExternalGraphic.bind(ExternalGraphic.java:81)
	at org.apache.fop.fo.FObj.processNode(FObj.java:129)
	at org.apache.fop.fo.FOTreeBuilder$MainFOHandler.startElement(FOTreeBuilder.java:291)
	at org.apache.fop.fo.FOTreeBuilder.startElement(FOTreeBuilder.java:179)
	at org.apache.xml.serializer.ToXMLSAXHandler.closeStartTag(ToXMLSAXHandler.java:204)
	at org.apache.xml.serializer.ToSAXHandler.flushPending(ToSAXHandler.java:277)
	at org.apache.xml.serializer.ToXMLSAXHandler.endElement(ToXMLSAXHandler.java:243)
	at org.apache.xalan.templates.ElemLiteralResult.execute(ElemLiteralResult.java:1399)
	at org.apache.xalan.transformer.TransformerImpl.executeChildTemplates(TransformerImpl.java:2411)
	at org.apache.xalan.templates.ElemChoose.execute(ElemChoose.java:126)
	at org.apache.xalan.transformer.TransformerImpl.executeChildTemplates(TransformerImpl.java:2411)
	at org.apache.xalan.templates.ElemLiteralResult.execute(ElemLiteralResult.java:1374)
	at org.apache.xalan.transformer.TransformerImpl.executeChildTemplates(TransformerImpl.java:2411)
	at org.apache.xalan.templates.ElemLiteralResult.execute(ElemLiteralResult.java:1374)
	at org.apache.xalan.transformer.TransformerImpl.executeChildTemplates(TransformerImpl.java:2411)
	at org.apache.xalan.templates.ElemIf.execute(ElemIf.java:160)
	at org.apache.xalan.transformer.TransformerImpl.executeChildTemplates(TransformerImpl.java:2411)
	at org.apache.xalan.templates.ElemLiteralResult.execute(ElemLiteralResult.java:1374)
	at org.apache.xalan.transformer.TransformerImpl.executeChildTemplates(TransformerImpl.java:2411)
	at org.apache.xalan.templates.ElemLiteralResult.execute(ElemLiteralResult.java:1374)
	at org.apache.xalan.transformer.TransformerImpl.executeChildTemplates(TransformerImpl.java:2411)
	at org.apache.xalan.templates.ElemLiteralResult.execute(ElemLiteralResult.java:1374)
	at org.apache.xalan.transformer.TransformerImpl.executeChildTemplates(TransformerImpl.java:2411)
	at org.apache.xalan.transformer.TransformerImpl.applyTemplateToNode(TransformerImpl.java:2281)
	at org.apache.xalan.transformer.TransformerImpl.transformNode(TransformerImpl.java:1367)
	at org.apache.xalan.transformer.TransformerImpl.transform(TransformerImpl.java:709)
	at org.apache.xalan.transformer.TransformerImpl.transform(TransformerImpl.java:1284)
	at org.apache.xalan.transformer.TransformerImpl.transform(TransformerImpl.java:1262)
	at com.uttesh.pdfngreport.handler.PdfReportHandler.generatePdfReport(PdfReportHandler.java:154)
	at com.uttesh.pdfngreport.PDFGenerator.generateReport(PDFGenerator.java:84)
	at com.uttesh.pdfngreport.PDFReportListener.generateReport(PDFReportListener.java:86)
	at org.testng.TestNG.generateReports(TestNG.java:1090)
	at org.testng.TestNG.run(TestNG.java:1049)
	at org.testng.remote.RemoteTestNG.run(RemoteTestNG.java:111)
	at org.testng.remote.RemoteTestNG.initAndRun(RemoteTestNG.java:204)
	at org.testng.remote.RemoteTestNG.main(RemoteTestNG.java:175)
2016-04-14 18:06:08 INFO  FOUserAgent:83 - Rendered page #1.
2016-04-14 18:06:08 INFO  FOUserAgent:83 - Rendered page #2.
2016-04-14 18:06:08 INFO  FOUserAgent:83 - Rendered page #3.
2016-04-14 18:06:08 INFO  FOUserAgent:83 - Rendered page #4.
2016-04-14 18:06:08 INFO  FOUserAgent:83 - Rendered page #5.
2016-04-14 18:06:08 INFO  FOUserAgent:83 - Rendered page #6.
2016-04-15 12:09:11 WARN  TestngListener:64 - Success testcase:  testCbtLogin141
2016-04-15 12:09:21 WARN  TestngListener:54 - Skipped testcase:  testCbtLogin142
2016-04-15 12:09:21 WARN  TestngListener:54 - Skipped testcase:  testCbtLogin143
2016-04-15 12:09:21 WARN  TestngListener:54 - Skipped testcase:  testCbtLogin144
2016-04-15 12:09:21 WARN  TestngListener:54 - Skipped testcase:  testCbtLogin145
2016-04-15 12:09:25 ERROR FOUserAgent:101 - Image not available. URI: file:/. Reason: org.apache.xmlgraphics.image.loader.ImageException: The file format is not supported. No ImagePreloader found for file:/ (No context info available)
org.apache.xmlgraphics.image.loader.ImageException: The file format is not supported. No ImagePreloader found for file:/
	at org.apache.xmlgraphics.image.loader.ImageManager.preloadImage(ImageManager.java:181)
	at org.apache.xmlgraphics.image.loader.cache.ImageCache.needImageInfo(ImageCache.java:128)
	at org.apache.xmlgraphics.image.loader.ImageManager.getImageInfo(ImageManager.java:123)
	at org.apache.fop.fo.flow.ExternalGraphic.bind(ExternalGraphic.java:81)
	at org.apache.fop.fo.FObj.processNode(FObj.java:129)
	at org.apache.fop.fo.FOTreeBuilder$MainFOHandler.startElement(FOTreeBuilder.java:291)
	at org.apache.fop.fo.FOTreeBuilder.startElement(FOTreeBuilder.java:179)
	at org.apache.xml.serializer.ToXMLSAXHandler.closeStartTag(ToXMLSAXHandler.java:204)
	at org.apache.xml.serializer.ToSAXHandler.flushPending(ToSAXHandler.java:277)
	at org.apache.xml.serializer.ToXMLSAXHandler.endElement(ToXMLSAXHandler.java:243)
	at org.apache.xalan.templates.ElemLiteralResult.execute(ElemLiteralResult.java:1399)
	at org.apache.xalan.transformer.TransformerImpl.executeChildTemplates(TransformerImpl.java:2411)
	at org.apache.xalan.templates.ElemChoose.execute(ElemChoose.java:126)
	at org.apache.xalan.transformer.TransformerImpl.executeChildTemplates(TransformerImpl.java:2411)
	at org.apache.xalan.templates.ElemLiteralResult.execute(ElemLiteralResult.java:1374)
	at org.apache.xalan.transformer.TransformerImpl.executeChildTemplates(TransformerImpl.java:2411)
	at org.apache.xalan.templates.ElemLiteralResult.execute(ElemLiteralResult.java:1374)
	at org.apache.xalan.transformer.TransformerImpl.executeChildTemplates(TransformerImpl.java:2411)
	at org.apache.xalan.templates.ElemIf.execute(ElemIf.java:160)
	at org.apache.xalan.transformer.TransformerImpl.executeChildTemplates(TransformerImpl.java:2411)
	at org.apache.xalan.templates.ElemLiteralResult.execute(ElemLiteralResult.java:1374)
	at org.apache.xalan.transformer.TransformerImpl.executeChildTemplates(TransformerImpl.java:2411)
	at org.apache.xalan.templates.ElemLiteralResult.execute(ElemLiteralResult.java:1374)
	at org.apache.xalan.transformer.TransformerImpl.executeChildTemplates(TransformerImpl.java:2411)
	at org.apache.xalan.templates.ElemLiteralResult.execute(ElemLiteralResult.java:1374)
	at org.apache.xalan.transformer.TransformerImpl.executeChildTemplates(TransformerImpl.java:2411)
	at org.apache.xalan.transformer.TransformerImpl.applyTemplateToNode(TransformerImpl.java:2281)
	at org.apache.xalan.transformer.TransformerImpl.transformNode(TransformerImpl.java:1367)
	at org.apache.xalan.transformer.TransformerImpl.transform(TransformerImpl.java:709)
	at org.apache.xalan.transformer.TransformerImpl.transform(TransformerImpl.java:1284)
	at org.apache.xalan.transformer.TransformerImpl.transform(TransformerImpl.java:1262)
	at com.uttesh.pdfngreport.handler.PdfReportHandler.generatePdfReport(PdfReportHandler.java:154)
	at com.uttesh.pdfngreport.PDFGenerator.generateReport(PDFGenerator.java:84)
	at com.uttesh.pdfngreport.PDFReportListener.generateReport(PDFReportListener.java:86)
	at org.testng.TestNG.generateReports(TestNG.java:1090)
	at org.testng.TestNG.run(TestNG.java:1049)
	at org.testng.remote.RemoteTestNG.run(RemoteTestNG.java:111)
	at org.testng.remote.RemoteTestNG.initAndRun(RemoteTestNG.java:204)
	at org.testng.remote.RemoteTestNG.main(RemoteTestNG.java:175)
2016-04-15 12:09:25 INFO  FOUserAgent:83 - Rendered page #1.
2016-04-15 12:09:25 INFO  FOUserAgent:83 - Rendered page #2.
2016-04-15 12:09:25 INFO  FOUserAgent:83 - Rendered page #3.
2016-04-15 12:09:25 INFO  FOUserAgent:83 - Rendered page #4.
2016-04-15 12:13:58 WARN  TestngListener:64 - Success testcase:  testCbtLogin141
2016-04-15 12:14:24 INFO  TestngListener:44 - Failed testcase:  testCbtLogin142
2016-04-15 12:14:35 WARN  TestngListener:54 - Skipped testcase:  testCbtLogin143
2016-04-15 12:14:35 WARN  TestngListener:54 - Skipped testcase:  testCbtLogin144
2016-04-15 12:14:35 WARN  TestngListener:54 - Skipped testcase:  testCbtLogin145
2016-04-15 12:14:36 ERROR FOUserAgent:101 - Image not available. URI: file:/. Reason: org.apache.xmlgraphics.image.loader.ImageException: The file format is not supported. No ImagePreloader found for file:/ (No context info available)
org.apache.xmlgraphics.image.loader.ImageException: The file format is not supported. No ImagePreloader found for file:/
	at org.apache.xmlgraphics.image.loader.ImageManager.preloadImage(ImageManager.java:181)
	at org.apache.xmlgraphics.image.loader.cache.ImageCache.needImageInfo(ImageCache.java:128)
	at org.apache.xmlgraphics.image.loader.ImageManager.getImageInfo(ImageManager.java:123)
	at org.apache.fop.fo.flow.ExternalGraphic.bind(ExternalGraphic.java:81)
	at org.apache.fop.fo.FObj.processNode(FObj.java:129)
	at org.apache.fop.fo.FOTreeBuilder$MainFOHandler.startElement(FOTreeBuilder.java:291)
	at org.apache.fop.fo.FOTreeBuilder.startElement(FOTreeBuilder.java:179)
	at org.apache.xml.serializer.ToXMLSAXHandler.closeStartTag(ToXMLSAXHandler.java:204)
	at org.apache.xml.serializer.ToSAXHandler.flushPending(ToSAXHandler.java:277)
	at org.apache.xml.serializer.ToXMLSAXHandler.endElement(ToXMLSAXHandler.java:243)
	at org.apache.xalan.templates.ElemLiteralResult.execute(ElemLiteralResult.java:1399)
	at org.apache.xalan.transformer.TransformerImpl.executeChildTemplates(TransformerImpl.java:2411)
	at org.apache.xalan.templates.ElemChoose.execute(ElemChoose.java:126)
	at org.apache.xalan.transformer.TransformerImpl.executeChildTemplates(TransformerImpl.java:2411)
	at org.apache.xalan.templates.ElemLiteralResult.execute(ElemLiteralResult.java:1374)
	at org.apache.xalan.transformer.TransformerImpl.executeChildTemplates(TransformerImpl.java:2411)
	at org.apache.xalan.templates.ElemLiteralResult.execute(ElemLiteralResult.java:1374)
	at org.apache.xalan.transformer.TransformerImpl.executeChildTemplates(TransformerImpl.java:2411)
	at org.apache.xalan.templates.ElemIf.execute(ElemIf.java:160)
	at org.apache.xalan.transformer.TransformerImpl.executeChildTemplates(TransformerImpl.java:2411)
	at org.apache.xalan.templates.ElemLiteralResult.execute(ElemLiteralResult.java:1374)
	at org.apache.xalan.transformer.TransformerImpl.executeChildTemplates(TransformerImpl.java:2411)
	at org.apache.xalan.templates.ElemLiteralResult.execute(ElemLiteralResult.java:1374)
	at org.apache.xalan.transformer.TransformerImpl.executeChildTemplates(TransformerImpl.java:2411)
	at org.apache.xalan.templates.ElemLiteralResult.execute(ElemLiteralResult.java:1374)
	at org.apache.xalan.transformer.TransformerImpl.executeChildTemplates(TransformerImpl.java:2411)
	at org.apache.xalan.transformer.TransformerImpl.applyTemplateToNode(TransformerImpl.java:2281)
	at org.apache.xalan.transformer.TransformerImpl.transformNode(TransformerImpl.java:1367)
	at org.apache.xalan.transformer.TransformerImpl.transform(TransformerImpl.java:709)
	at org.apache.xalan.transformer.TransformerImpl.transform(TransformerImpl.java:1284)
	at org.apache.xalan.transformer.TransformerImpl.transform(TransformerImpl.java:1262)
	at com.uttesh.pdfngreport.handler.PdfReportHandler.generatePdfReport(PdfReportHandler.java:154)
	at com.uttesh.pdfngreport.PDFGenerator.generateReport(PDFGenerator.java:84)
	at com.uttesh.pdfngreport.PDFReportListener.generateReport(PDFReportListener.java:86)
	at org.testng.TestNG.generateReports(TestNG.java:1090)
	at org.testng.TestNG.run(TestNG.java:1049)
	at org.testng.remote.RemoteTestNG.run(RemoteTestNG.java:111)
	at org.testng.remote.RemoteTestNG.initAndRun(RemoteTestNG.java:204)
	at org.testng.remote.RemoteTestNG.main(RemoteTestNG.java:175)
2016-04-15 12:14:36 INFO  FOUserAgent:83 - Rendered page #1.
2016-04-15 12:14:36 INFO  FOUserAgent:83 - Rendered page #2.
2016-04-15 12:14:36 INFO  FOUserAgent:83 - Rendered page #3.
2016-04-15 12:14:36 INFO  FOUserAgent:83 - Rendered page #4.
2016-04-15 12:14:36 INFO  FOUserAgent:83 - Rendered page #5.
2016-04-18 16:37:19 INFO  RetryExec:96 - I/O exception (java.net.SocketException) caught when processing request to {}->http://127.0.0.1:7056: Connection reset
2016-04-18 16:37:19 INFO  RetryExec:112 - Retrying request to {}->http://127.0.0.1:7056
